15:33:12 **** Incremental Build of configuration Nios II for project DE2_115_NIOS_HOST_MOUSE_VGA ****
make all 
Info: Building ../DE2_115_NIOS_HOST_MOUSE_VGA_bsp/
make --no-print-directory -C ../DE2_115_NIOS_HOST_MOUSE_VGA_bsp/
[BSP build complete]
Info: Compiling LCD.c to obj/default/LCD.o
nios2-elf-gcc -xc -MP -MMD -c -I../DE2_115_NIOS_HOST_MOUSE_VGA_bsp//HAL/inc -I../DE2_115_NIOS_HOST_MOUSE_VGA_bsp/ -I../DE2_115_NIOS_HOST_MOUSE_VGA_bsp//drivers/inc  -pipe -D__hal__ -DALT_NO_INSTRUCTION_EMULATION -DALT_SINGLE_THREADED    -O0 -g -Wall   -mno-hw-div -mhw-mul -mno-hw-mulx -mgpopt=global  -o obj/default/LCD.o LCD.c
Info: Linking DE2_115_NIOS_HOST_MOUSE_VGA.elf
nios2-elf-g++  -T'../DE2_115_NIOS_HOST_MOUSE_VGA_bsp//linker.x' -msys-crt0='../DE2_115_NIOS_HOST_MOUSE_VGA_bsp//obj/HAL/src/crt0.o' -msys-lib=hal_bsp -L../DE2_115_NIOS_HOST_MOUSE_VGA_bsp/   -Wl,-Map=DE2_115_NIOS_HOST_MOUSE_VGA.map   -O0 -g -Wall   -mno-hw-div -mhw-mul -mno-hw-mulx -mgpopt=global  -o DE2_115_NIOS_HOST_MOUSE_VGA.elf obj/default/DE2_115_NIOS_HOST_MOUSE_VGA.o obj/default/LCD.o obj/default/SEG7.o obj/default/VGA.o -lm 
nios2-elf-insert DE2_115_NIOS_HOST_MOUSE_VGA.elf --thread_model hal --cpu_name cpu --qsys true --simulation_enabled false --id 0 --sidp 0x9200080 --timestamp 1354258592 --stderr_dev jtag_uart --stdin_dev jtag_uart --stdout_dev jtag_uart --sopc_system_name DE2_115_SOPC --quartus_project_dir "/home/aluno/projeto-final-dlpII/DE2_115_NIOS_HOST_MOUSE_VGA" --jdi /home/aluno/projeto-final-dlpII/DE2_115_NIOS_HOST_MOUSE_VGA/software/DE2_115_NIOS_HOST_MOUSE_VGA_bsp/../../DE2_115_NIOS_HOST_MOUSE_VGA.jdi
/bin/bash: line 0: igncr: invalid option name
Info: (DE2_115_NIOS_HOST_MOUSE_VGA.elf) 92 KBytes program size (code + initialized data).
Info:                                   130972 KBytes free for stack + heap.
Info: Creating DE2_115_NIOS_HOST_MOUSE_VGA.objdump
nios2-elf-objdump --disassemble --syms --all-header --source DE2_115_NIOS_HOST_MOUSE_VGA.elf >DE2_115_NIOS_HOST_MOUSE_VGA.objdump
[DE2_115_NIOS_HOST_MOUSE_VGA build complete]
15:33:19 **** Build of configuration Nios II for project DE2_115_NIOS_HOST_MOUSE_VGA ****
make all 
Info: Building ../DE2_115_NIOS_HOST_MOUSE_VGA_bsp/
make --no-print-directory -C ../DE2_115_NIOS_HOST_MOUSE_VGA_bsp/
[BSP build complete]
[DE2_115_NIOS_HOST_MOUSE_VGA build complete]
15:33:20 **** Incremental Build of configuration Nios II for project DE2_115_NIOS_HOST_MOUSE_VGA ****
make all 
Info: Building ../DE2_115_NIOS_HOST_MOUSE_VGA_bsp/
make --no-print-directory -C ../DE2_115_NIOS_HOST_MOUSE_VGA_bsp/
[BSP build complete]
[DE2_115_NIOS_HOST_MOUSE_VGA build complete]
